  ciagPunktow3D.cpp
C:\Users\largo\Desktop\Projects\Języki Programowania\Lista0\Lista0\ciagPunktow3D.cpp(47,18): warning C4267: 'return': conversion from 'size_t' to 'int', possible loss of data
  Lista0.cpp
  zbiorPunktow3D.cpp
C:\Program Files\Microsoft Visual Studio\18\Community\VC\Tools\MSVC\14.44.35207\include\type_traits(2379,60): error C2676: binary '<': 'const _Ty' does not define this operator or a conversion to a type acceptable to the predefined operator
C:\Program Files\Microsoft Visual Studio\18\Community\VC\Tools\MSVC\14.44.35207\include\type_traits(2379,60): error C2676:         with
C:\Program Files\Microsoft Visual Studio\18\Community\VC\Tools\MSVC\14.44.35207\include\type_traits(2379,60): error C2676:         [
C:\Program Files\Microsoft Visual Studio\18\Community\VC\Tools\MSVC\14.44.35207\include\type_traits(2379,60): error C2676:             _Ty=punkt3D
C:\Program Files\Microsoft Visual Studio\18\Community\VC\Tools\MSVC\14.44.35207\include\type_traits(2379,60): error C2676:         ]
  (compiling source file 'zbiorPunktow3D.cpp')
      C:\Program Files\Microsoft Visual Studio\18\Community\VC\Tools\MSVC\14.44.35207\include\set(443,17):
      could be 'bool std::operator <(const std::multiset<_Kty,_Pr,_Alloc> &,const std::multiset<_Kty,_Pr,_Alloc> &)'
          C:\Program Files\Microsoft Visual Studio\18\Community\VC\Tools\MSVC\14.44.35207\include\type_traits(2379,54):
          'bool std::operator <(const std::multiset<_Kty,_Pr,_Alloc> &,const std::multiset<_Kty,_Pr,_Alloc> &)': could not deduce template argument for 'const std::multiset<_Kty,_Pr,_Alloc> &' from 'const _Ty'
          with
          [
              _Ty=punkt3D
          ]
      C:\Program Files\Microsoft Visual Studio\18\Community\VC\Tools\MSVC\14.44.35207\include\set(228,17):
      or       'bool std::operator <(const std::set<_Kty,_Pr,_Alloc> &,const std::set<_Kty,_Pr,_Alloc> &)'
          C:\Program Files\Microsoft Visual Studio\18\Community\VC\Tools\MSVC\14.44.35207\include\type_traits(2379,54):
          'bool std::operator <(const std::set<_Kty,_Pr,_Alloc> &,const std::set<_Kty,_Pr,_Alloc> &)': could not deduce template argument for 'const std::set<_Kty,_Pr,_Alloc> &' from 'const _Ty'
          with
          [
              _Ty=punkt3D
          ]
      C:\Program Files\Microsoft Visual Studio\18\Community\VC\Tools\MSVC\14.44.35207\include\list(1908,17):
      or       'bool std::operator <(const std::list<_Ty,_Alloc> &,const std::list<_Ty,_Alloc> &)'
          C:\Program Files\Microsoft Visual Studio\18\Community\VC\Tools\MSVC\14.44.35207\include\type_traits(2379,54):
          'bool std::operator <(const std::list<_Ty,_Alloc> &,const std::list<_Ty,_Alloc> &)': could not deduce template argument for 'const std::list<_Ty,_Alloc> &' from 'const _Ty'
          with
          [
              _Ty=punkt3D
          ]
      C:\Program Files\Microsoft Visual Studio\18\Community\VC\Tools\MSVC\14.44.35207\include\memory(3740,30):
      or       'bool std::operator <(std::nullptr_t,const std::unique_ptr<_Ty,_Dx> &)'
          C:\Program Files\Microsoft Visual Studio\18\Community\VC\Tools\MSVC\14.44.35207\include\type_traits(2379,54):
          'bool std::operator <(std::nullptr_t,const std::unique_ptr<_Ty,_Dx> &)': could not deduce template argument for 'const std::unique_ptr<_Ty,_Dx> &' from 'const _Ty'
          with
          [
              _Ty=punkt3D
          ]
      C:\Program Files\Microsoft Visual Studio\18\Community\VC\Tools\MSVC\14.44.35207\include\memory(3734,30):
      or       'bool std::operator <(const std::unique_ptr<_Ty,_Dx> &,std::nullptr_t)'
          C:\Program Files\Microsoft Visual Studio\18\Community\VC\Tools\MSVC\14.44.35207\include\type_traits(2379,54):
          'bool std::operator <(const std::unique_ptr<_Ty,_Dx> &,std::nullptr_t)': could not deduce template argument for 'const std::unique_ptr<_Ty,_Dx> &' from 'const _Ty'
          with
          [
              _Ty=punkt3D
          ]
      C:\Program Files\Microsoft Visual Studio\18\Community\VC\Tools\MSVC\14.44.35207\include\memory(3678,17):
      or       'bool std::operator <(const std::unique_ptr<_Ty,_Dx> &,const std::unique_ptr<_Ty2,_Dx2> &)'
          C:\Program Files\Microsoft Visual Studio\18\Community\VC\Tools\MSVC\14.44.35207\include\type_traits(2379,54):
          'bool std::operator <(const std::unique_ptr<_Ty,_Dx> &,const std::unique_ptr<_Ty2,_Dx2> &)': could not deduce template argument for 'const std::unique_ptr<_Ty,_Dx> &' from 'const _Ty'
          with
          [
              _Ty=punkt3D
          ]
      C:\Program Files\Microsoft Visual Studio\18\Community\VC\Tools\MSVC\14.44.35207\include\memory(1948,17):
      or       'bool std::operator <(std::nullptr_t,const std::shared_ptr<_Ty> &) noexcept'
          C:\Program Files\Microsoft Visual Studio\18\Community\VC\Tools\MSVC\14.44.35207\include\type_traits(2379,54):
          'bool std::operator <(std::nullptr_t,const std::shared_ptr<_Ty> &) noexcept': could not deduce template argument for 'const std::shared_ptr<_Ty> &' from 'const _Ty'
          with
          [
              _Ty=punkt3D
          ]
      C:\Program Files\Microsoft Visual Studio\18\Community\VC\Tools\MSVC\14.44.35207\include\memory(1943,17):
      or       'bool std::operator <(const std::shared_ptr<_Ty> &,std::nullptr_t) noexcept'
          C:\Program Files\Microsoft Visual Studio\18\Community\VC\Tools\MSVC\14.44.35207\include\type_traits(2379,54):
          'bool std::operator <(const std::shared_ptr<_Ty> &,std::nullptr_t) noexcept': could not deduce template argument for 'const std::shared_ptr<_Ty> &' from 'const _Ty'
          with
          [
              _Ty=punkt3D
          ]
      C:\Program Files\Microsoft Visual Studio\18\Community\VC\Tools\MSVC\14.44.35207\include\memory(1896,17):
      or       'bool std::operator <(const std::shared_ptr<_Ty> &,const std::shared_ptr<_Ty0> &) noexcept'
          C:\Program Files\Microsoft Visual Studio\18\Community\VC\Tools\MSVC\14.44.35207\include\type_traits(2379,54):
          'bool std::operator <(const std::shared_ptr<_Ty> &,const std::shared_ptr<_Ty0> &) noexcept': could not deduce template argument for 'const std::shared_ptr<_Ty> &' from 'const _Ty'
          with
          [
              _Ty=punkt3D
          ]
      C:\Program Files\Microsoft Visual Studio\18\Community\VC\Tools\MSVC\14.44.35207\include\xstring(3318,17):
      or       'bool std::operator <(const std::basic_string<_Elem,_Traits,_Alloc> &,const _Elem *const ) noexcept'
          C:\Program Files\Microsoft Visual Studio\18\Community\VC\Tools\MSVC\14.44.35207\include\type_traits(2379,54):
          'bool std::operator <(const std::basic_string<_Elem,_Traits,_Alloc> &,const _Elem *const ) noexcept': could not deduce template argument for 'const std::basic_string<_Elem,_Traits,_Alloc> &' from 'const _Ty'
          with
          [
              _Ty=punkt3D
          ]
      C:\Program Files\Microsoft Visual Studio\18\Community\VC\Tools\MSVC\14.44.35207\include\xstring(3312,17):
      or       'bool std::operator <(const _Elem *const ,const std::basic_string<_Elem,_Traits,_Alloc> &) noexcept'
          C:\Program Files\Microsoft Visual Studio\18\Community\VC\Tools\MSVC\14.44.35207\include\type_traits(2379,54):
          'bool std::operator <(const _Elem *const ,const std::basic_string<_Elem,_Traits,_Alloc> &) noexcept': could not deduce template argument for 'const _Elem *const ' from 'const _Ty'
          with
          [
              _Ty=punkt3D
          ]
      C:\Program Files\Microsoft Visual Studio\18\Community\VC\Tools\MSVC\14.44.35207\include\xstring(3306,17):
      or       'bool std::operator <(const std::basic_string<_Elem,_Traits,_Alloc> &,const std::basic_string<_Elem,_Traits,_Alloc> &) noexcept'
          C:\Program Files\Microsoft Visual Studio\18\Community\VC\Tools\MSVC\14.44.35207\include\type_traits(2379,54):
          'bool std::operator <(const std::basic_string<_Elem,_Traits,_Alloc> &,const std::basic_string<_Elem,_Traits,_Alloc> &) noexcept': could not deduce template argument for 'const std::basic_string<_Elem,_Traits,_Alloc> &' from 'const _Ty'
          with
          [
              _Ty=punkt3D
          ]
      C:\Program Files\Microsoft Visual Studio\18\Community\VC\Tools\MSVC\14.44.35207\include\xutility(4478,30):
      or       'bool std::operator <(const std::move_iterator<_Iter> &,const std::move_iterator<_Iter2> &) noexcept(<expr>)'
          C:\Program Files\Microsoft Visual Studio\18\Community\VC\Tools\MSVC\14.44.35207\include\type_traits(2379,54):
          'bool std::operator <(const std::move_iterator<_Iter> &,const std::move_iterator<_Iter2> &) noexcept(<expr>)': could not deduce template argument for 'const std::move_iterator<_Iter> &' from 'const _Ty'
          with
          [
              _Ty=punkt3D
          ]
      C:\Program Files\Microsoft Visual Studio\18\Community\VC\Tools\MSVC\14.44.35207\include\xutility(1920,30):
      or       'bool std::operator <(const std::reverse_iterator<_BidIt> &,const std::reverse_iterator<_BidIt2> &) noexcept(<expr>)'
          C:\Program Files\Microsoft Visual Studio\18\Community\VC\Tools\MSVC\14.44.35207\include\type_traits(2379,54):
          'bool std::operator <(const std::reverse_iterator<_BidIt> &,const std::reverse_iterator<_BidIt2> &) noexcept(<expr>)': could not deduce template argument for 'const std::reverse_iterator<_BidIt> &' from 'const _Ty'
          with
          [
              _Ty=punkt3D
          ]
      C:\Program Files\Microsoft Visual Studio\18\Community\VC\Tools\MSVC\14.44.35207\include\utility(524,27):
      or       'bool std::operator <(const std::pair<_Ty1,_Ty2> &,const std::pair<_Uty1,_Uty2> &)'
          C:\Program Files\Microsoft Visual Studio\18\Community\VC\Tools\MSVC\14.44.35207\include\type_traits(2379,54):
          'bool std::operator <(const std::pair<_Ty1,_Ty2> &,const std::pair<_Uty1,_Uty2> &)': could not deduce template argument for 'const std::pair<_Ty1,_Ty2> &' from 'const _Ty'
          with
          [
              _Ty=punkt3D
          ]
      C:\Program Files\Microsoft Visual Studio\18\Community\VC\Tools\MSVC\14.44.35207\include\type_traits(2379,60):
      the template instantiation context (the oldest one first) is
          C:\Users\largo\Desktop\Projects\Języki Programowania\Lista0\Lista0\zbiorPunktow3D.cpp(17,4):
          see reference to function template instantiation 'std::pair<std::_Tree_const_iterator<std::_Tree_val<std::_Tree_simple_types<punkt3D>>>,bool> std::_Tree<std::_Tset_traits<_Kty,_Pr,_Alloc,false>>::insert<false,0>(const punkt3D &)' being compiled
          with
          [
              _Kty=punkt3D,
              _Pr=std::less<punkt3D>,
              _Alloc=std::allocator<punkt3D>
          ]
              C:\Users\largo\Desktop\Projects\Języki Programowania\Lista0\Lista0\zbiorPunktow3D.cpp(17,10):
              see the first reference to 'std::_Tree<std::_Tset_traits<_Kty,_Pr,_Alloc,false>>::insert' in 'zbiorPunktow3D::dodajPunkt'
          with
          [
              _Kty=punkt3D,
              _Pr=std::less<punkt3D>,
              _Alloc=std::allocator<punkt3D>
          ]
          C:\Program Files\Microsoft Visual Studio\18\Community\VC\Tools\MSVC\14.44.35207\include\xtree(1235,30):
          see reference to function template instantiation 'std::pair<std::_Tree_node<punkt3D,std::_Default_allocator_traits<_Alloc>::void_pointer> *,bool> std::_Tree<std::_Tset_traits<_Kty,_Pr,_Alloc,false>>::_Emplace<const punkt3D&>(const punkt3D &)' being compiled
          with
          [
              _Alloc=std::allocator<punkt3D>,
              _Kty=punkt3D,
              _Pr=std::less<punkt3D>
          ]
          C:\Program Files\Microsoft Visual Studio\18\Community\VC\Tools\MSVC\14.44.35207\include\xtree(1017,35):
          see reference to function template instantiation 'std::_Tree_find_result<std::_Tree_node<punkt3D,std::_Default_allocator_traits<_Alloc>::void_pointer> *> std::_Tree<std::_Tset_traits<_Kty,_Pr,_Alloc,false>>::_Find_lower_bound<_Key>(const _Keyty &) const' being compiled
          with
          [
              _Alloc=std::allocator<punkt3D>,
              _Kty=punkt3D,
              _Pr=std::less<punkt3D>,
              _Key=punkt3D,
              _Keyty=punkt3D
          ]
          C:\Program Files\Microsoft Visual Studio\18\Community\VC\Tools\MSVC\14.44.35207\include\xtree(1634,17):
          see reference to function template instantiation 'bool std::_Debug_lt_pred<const std::less<punkt3D>&,const _Kty&,const _Keyty&>(_Pr,_Ty1,_Ty2) noexcept(<expr>)' being compiled
          with
          [
              _Kty=punkt3D,
              _Keyty=punkt3D,
              _Pr=const std::less<punkt3D> &,
              _Ty1=const punkt3D &,
              _Ty2=const punkt3D &
          ]
  
  Generating Code...
